2024-03-11 02:50:56,856:WARNING:
'cuml' is a soft dependency and not included in the pycaret installation. Please run: `pip install cuml` to install.
2024-03-11 02:50:56,856:WARNING:
'cuml' is a soft dependency and not included in the pycaret installation. Please run: `pip install cuml` to install.
2024-03-11 02:50:56,857:WARNING:
'cuml' is a soft dependency and not included in the pycaret installation. Please run: `pip install cuml` to install.
2024-03-11 02:50:56,857:WARNING:
'cuml' is a soft dependency and not included in the pycaret installation. Please run: `pip install cuml` to install.
2024-03-11 02:53:11,420:INFO:PyCaret RegressionExperiment
2024-03-11 02:53:11,421:INFO:Logging name: reg-default-name
2024-03-11 02:53:11,421:INFO:ML Usecase: MLUsecase.REGRESSION
2024-03-11 02:53:11,421:INFO:version 3.3.0
2024-03-11 02:53:11,421:INFO:Initializing setup()
2024-03-11 02:53:11,421:INFO:self.USI: fdea
2024-03-11 02:53:11,422:INFO:self._variable_keys: {'fold_generator', 'data', 'transform_target_param', 'USI', '_ml_usecase', 'target_param', 'X', 'pipeline', 'html_param', 'fold_shuffle_param', 'exp_name_log', 'y_train', 'y', 'gpu_param', 'y_test', 'X_train', 'exp_id', 'memory', 'n_jobs_param', '_available_plots', 'seed', 'fold_groups_param', 'gpu_n_jobs_param', 'X_test', 'logging_param', 'log_plots_param', 'idx'}
2024-03-11 02:53:11,422:INFO:Checking environment
2024-03-11 02:53:11,422:INFO:python_version: 3.11.8
2024-03-11 02:53:11,422:INFO:python_build: ('tags/v3.11.8:db85d51', 'Feb  6 2024 22:03:32')
2024-03-11 02:53:11,422:INFO:machine: AMD64
2024-03-11 02:53:11,422:INFO:platform: Windows-10-10.0.22631-SP0
2024-03-11 02:53:11,430:INFO:Memory: svmem(total=16869351424, available=8457756672, percent=49.9, used=8411594752, free=8457756672)
2024-03-11 02:53:11,430:INFO:Physical Core: 8
2024-03-11 02:53:11,430:INFO:Logical Core: 12
2024-03-11 02:53:11,431:INFO:Checking libraries
2024-03-11 02:53:11,431:INFO:System:
2024-03-11 02:53:11,431:INFO:    python: 3.11.8 (tags/v3.11.8:db85d51, Feb  6 2024, 22:03:32) [MSC v.1937 64 bit (AMD64)]
2024-03-11 02:53:11,432:INFO:executable: C:\Users\aroun\AppData\Local\Microsoft\WindowsApps\PythonSoftwareFoundation.Python.3.11_qbz5n2kfra8p0\python.exe
2024-03-11 02:53:11,432:INFO:   machine: Windows-10-10.0.22631-SP0
2024-03-11 02:53:11,432:INFO:PyCaret required dependencies:
2024-03-11 02:53:16,602:INFO:                 pip: 24.0
2024-03-11 02:53:16,602:INFO:          setuptools: 65.5.0
2024-03-11 02:53:16,602:INFO:             pycaret: 3.3.0
2024-03-11 02:53:16,602:INFO:             IPython: 8.22.2
2024-03-11 02:53:16,602:INFO:          ipywidgets: 8.1.2
2024-03-11 02:53:16,602:INFO:                tqdm: 4.66.2
2024-03-11 02:53:16,602:INFO:               numpy: 1.25.2
2024-03-11 02:53:16,602:INFO:              pandas: 2.1.4
2024-03-11 02:53:16,602:INFO:              jinja2: 3.1.2
2024-03-11 02:53:16,602:INFO:               scipy: 1.11.4
2024-03-11 02:53:16,602:INFO:              joblib: 1.3.2
2024-03-11 02:53:16,602:INFO:             sklearn: 1.4.1.post1
2024-03-11 02:53:16,602:INFO:                pyod: 1.1.3
2024-03-11 02:53:16,602:INFO:            imblearn: 0.12.0
2024-03-11 02:53:16,602:INFO:   category_encoders: 2.6.3
2024-03-11 02:53:16,602:INFO:            lightgbm: 4.3.0
2024-03-11 02:53:16,602:INFO:               numba: 0.58.1
2024-03-11 02:53:16,603:INFO:            requests: 2.31.0
2024-03-11 02:53:16,603:INFO:          matplotlib: 3.7.5
2024-03-11 02:53:16,603:INFO:          scikitplot: 0.3.7
2024-03-11 02:53:16,603:INFO:         yellowbrick: 1.5
2024-03-11 02:53:16,603:INFO:              plotly: 5.19.0
2024-03-11 02:53:16,603:INFO:    plotly-resampler: Not installed
2024-03-11 02:53:16,603:INFO:             kaleido: 0.2.1
2024-03-11 02:53:16,603:INFO:           schemdraw: 0.15
2024-03-11 02:53:16,603:INFO:         statsmodels: 0.14.1
2024-03-11 02:53:16,603:INFO:              sktime: 0.27.0
2024-03-11 02:53:16,603:INFO:               tbats: 1.1.3
2024-03-11 02:53:16,603:INFO:            pmdarima: 2.0.4
2024-03-11 02:53:16,603:INFO:              psutil: 5.9.8
2024-03-11 02:53:16,603:INFO:          markupsafe: 2.1.3
2024-03-11 02:53:16,603:INFO:             pickle5: Not installed
2024-03-11 02:53:16,603:INFO:         cloudpickle: 3.0.0
2024-03-11 02:53:16,603:INFO:         deprecation: 2.1.0
2024-03-11 02:53:16,603:INFO:              xxhash: 3.4.1
2024-03-11 02:53:16,603:INFO:           wurlitzer: Not installed
2024-03-11 02:53:16,603:INFO:PyCaret optional dependencies:
2024-03-11 02:53:29,289:INFO:                shap: 0.44.1
2024-03-11 02:53:29,289:INFO:           interpret: 0.5.1
2024-03-11 02:53:29,289:INFO:                umap: 0.5.5
2024-03-11 02:53:29,289:INFO:     ydata_profiling: 4.6.5
2024-03-11 02:53:29,289:INFO:  explainerdashboard: 0.4.5
2024-03-11 02:53:29,289:INFO:             autoviz: Not installed
2024-03-11 02:53:29,289:INFO:           fairlearn: 0.7.0
2024-03-11 02:53:29,289:INFO:          deepchecks: Not installed
2024-03-11 02:53:29,289:INFO:             xgboost: Not installed
2024-03-11 02:53:29,289:INFO:            catboost: 1.2.3
2024-03-11 02:53:29,290:INFO:              kmodes: 0.12.2
2024-03-11 02:53:29,290:INFO:             mlxtend: 0.23.1
2024-03-11 02:53:29,290:INFO:       statsforecast: 1.5.0
2024-03-11 02:53:29,290:INFO:        tune_sklearn: Not installed
2024-03-11 02:53:29,290:INFO:                 ray: Not installed
2024-03-11 02:53:29,290:INFO:            hyperopt: Not installed
2024-03-11 02:53:29,290:INFO:              optuna: Not installed
2024-03-11 02:53:29,290:INFO:               skopt: Not installed
2024-03-11 02:53:29,290:INFO:              mlflow: 2.11.0
2024-03-11 02:53:29,290:INFO:              gradio: 4.19.2
2024-03-11 02:53:29,290:INFO:             fastapi: 0.110.0
2024-03-11 02:53:29,290:INFO:             uvicorn: 0.27.1
2024-03-11 02:53:29,290:INFO:              m2cgen: 0.10.0
2024-03-11 02:53:29,290:INFO:           evidently: 0.4.16
2024-03-11 02:53:29,290:INFO:               fugue: 0.8.6
2024-03-11 02:53:29,290:INFO:           streamlit: Not installed
2024-03-11 02:53:29,290:INFO:             prophet: Not installed
2024-03-11 02:53:29,290:INFO:None
2024-03-11 02:53:29,290:INFO:Set up data.
2024-03-11 02:53:29,299:INFO:Set up folding strategy.
2024-03-11 02:53:29,299:INFO:Set up train/test split.
2024-03-11 02:53:29,331:INFO:Set up index.
2024-03-11 02:53:29,332:INFO:Assigning column types.
2024-03-11 02:53:29,335:INFO:Engine successfully changes for model 'lr' to 'sklearn'.
2024-03-11 02:53:29,335:INFO:Engine for model 'lasso' has not been set explicitly, hence returning None.
2024-03-11 02:53:29,338:INFO:Engine for model 'ridge' has not been set explicitly, hence returning None.
2024-03-11 02:53:29,342:INFO:Engine for model 'en' has not been set explicitly, hence returning None.
2024-03-11 02:53:29,385:INFO:Engine for model 'svm' has not been set explicitly, hence returning None.
2024-03-11 02:53:29,413:INFO:Engine for model 'knn' has not been set explicitly, hence returning None.
2024-03-11 02:53:29,413:WARNING:
'xgboost' is a soft dependency and not included in the pycaret installation. Please run: `pip install xgboost` to install.
Alternately, you can install this by running `pip install pycaret[models]`
2024-03-11 02:53:29,414:INFO:Soft dependency imported: catboost: 1.2.3
2024-03-11 02:53:30,097:INFO:Engine for model 'lasso' has not been set explicitly, hence returning None.
2024-03-11 02:53:30,100:INFO:Engine for model 'ridge' has not been set explicitly, hence returning None.
2024-03-11 02:53:30,102:INFO:Engine for model 'en' has not been set explicitly, hence returning None.
2024-03-11 02:53:30,133:INFO:Engine for model 'svm' has not been set explicitly, hence returning None.
2024-03-11 02:53:30,157:INFO:Engine for model 'knn' has not been set explicitly, hence returning None.
2024-03-11 02:53:30,158:WARNING:
'xgboost' is a soft dependency and not included in the pycaret installation. Please run: `pip install xgboost` to install.
Alternately, you can install this by running `pip install pycaret[models]`
2024-03-11 02:53:30,158:INFO:Soft dependency imported: catboost: 1.2.3
2024-03-11 02:53:30,158:INFO:Engine successfully changes for model 'lasso' to 'sklearn'.
2024-03-11 02:53:30,161:INFO:Engine for model 'ridge' has not been set explicitly, hence returning None.
2024-03-11 02:53:30,163:INFO:Engine for model 'en' has not been set explicitly, hence returning None.
2024-03-11 02:53:30,193:INFO:Engine for model 'svm' has not been set explicitly, hence returning None.
2024-03-11 02:53:30,216:INFO:Engine for model 'knn' has not been set explicitly, hence returning None.
2024-03-11 02:53:30,216:WARNING:
'xgboost' is a soft dependency and not included in the pycaret installation. Please run: `pip install xgboost` to install.
Alternately, you can install this by running `pip install pycaret[models]`
2024-03-11 02:53:30,216:INFO:Soft dependency imported: catboost: 1.2.3
2024-03-11 02:53:30,219:INFO:Engine for model 'ridge' has not been set explicitly, hence returning None.
2024-03-11 02:53:30,221:INFO:Engine for model 'en' has not been set explicitly, hence returning None.
2024-03-11 02:53:30,252:INFO:Engine for model 'svm' has not been set explicitly, hence returning None.
2024-03-11 02:53:30,276:INFO:Engine for model 'knn' has not been set explicitly, hence returning None.
2024-03-11 02:53:30,276:WARNING:
'xgboost' is a soft dependency and not included in the pycaret installation. Please run: `pip install xgboost` to install.
Alternately, you can install this by running `pip install pycaret[models]`
2024-03-11 02:53:30,276:INFO:Soft dependency imported: catboost: 1.2.3
2024-03-11 02:53:30,277:INFO:Engine successfully changes for model 'ridge' to 'sklearn'.
2024-03-11 02:53:30,283:INFO:Engine for model 'en' has not been set explicitly, hence returning None.
2024-03-11 02:53:30,314:INFO:Engine for model 'svm' has not been set explicitly, hence returning None.
2024-03-11 02:53:30,339:INFO:Engine for model 'knn' has not been set explicitly, hence returning None.
2024-03-11 02:53:30,339:WARNING:
'xgboost' is a soft dependency and not included in the pycaret installation. Please run: `pip install xgboost` to install.
Alternately, you can install this by running `pip install pycaret[models]`
2024-03-11 02:53:30,340:INFO:Soft dependency imported: catboost: 1.2.3
2024-03-11 02:53:30,345:INFO:Engine for model 'en' has not been set explicitly, hence returning None.
2024-03-11 02:53:30,376:INFO:Engine for model 'svm' has not been set explicitly, hence returning None.
2024-03-11 02:53:30,401:INFO:Engine for model 'knn' has not been set explicitly, hence returning None.
2024-03-11 02:53:30,401:WARNING:
'xgboost' is a soft dependency and not included in the pycaret installation. Please run: `pip install xgboost` to install.
Alternately, you can install this by running `pip install pycaret[models]`
2024-03-11 02:53:30,401:INFO:Soft dependency imported: catboost: 1.2.3
2024-03-11 02:53:30,402:INFO:Engine successfully changes for model 'en' to 'sklearn'.
2024-03-11 02:53:30,440:INFO:Engine for model 'svm' has not been set explicitly, hence returning None.
2024-03-11 02:53:30,463:INFO:Engine for model 'knn' has not been set explicitly, hence returning None.
2024-03-11 02:53:30,464:WARNING:
'xgboost' is a soft dependency and not included in the pycaret installation. Please run: `pip install xgboost` to install.
Alternately, you can install this by running `pip install pycaret[models]`
2024-03-11 02:53:30,464:INFO:Soft dependency imported: catboost: 1.2.3
2024-03-11 02:53:30,499:INFO:Engine for model 'svm' has not been set explicitly, hence returning None.
2024-03-11 02:53:30,522:INFO:Engine for model 'knn' has not been set explicitly, hence returning None.
2024-03-11 02:53:30,629:WARNING:
'xgboost' is a soft dependency and not included in the pycaret installation. Please run: `pip install xgboost` to install.
Alternately, you can install this by running `pip install pycaret[models]`
2024-03-11 02:53:30,629:INFO:Soft dependency imported: catboost: 1.2.3
2024-03-11 02:53:30,630:INFO:Engine successfully changes for model 'knn' to 'sklearn'.
2024-03-11 02:53:30,670:INFO:Engine for model 'svm' has not been set explicitly, hence returning None.
2024-03-11 02:53:30,694:WARNING:
'xgboost' is a soft dependency and not included in the pycaret installation. Please run: `pip install xgboost` to install.
Alternately, you can install this by running `pip install pycaret[models]`
2024-03-11 02:53:30,694:INFO:Soft dependency imported: catboost: 1.2.3
2024-03-11 02:53:30,729:INFO:Engine for model 'svm' has not been set explicitly, hence returning None.
2024-03-11 02:53:30,756:WARNING:
'xgboost' is a soft dependency and not included in the pycaret installation. Please run: `pip install xgboost` to install.
Alternately, you can install this by running `pip install pycaret[models]`
2024-03-11 02:53:30,756:INFO:Soft dependency imported: catboost: 1.2.3
2024-03-11 02:53:30,756:INFO:Engine successfully changes for model 'svm' to 'sklearn'.
2024-03-11 02:53:30,814:WARNING:
'xgboost' is a soft dependency and not included in the pycaret installation. Please run: `pip install xgboost` to install.
Alternately, you can install this by running `pip install pycaret[models]`
2024-03-11 02:53:30,814:INFO:Soft dependency imported: catboost: 1.2.3
2024-03-11 02:53:30,875:WARNING:
'xgboost' is a soft dependency and not included in the pycaret installation. Please run: `pip install xgboost` to install.
Alternately, you can install this by running `pip install pycaret[models]`
2024-03-11 02:53:30,875:INFO:Soft dependency imported: catboost: 1.2.3
2024-03-11 02:53:30,877:INFO:Preparing preprocessing pipeline...
2024-03-11 02:53:30,877:INFO:Set up simple imputation.
2024-03-11 02:53:30,881:INFO:Set up encoding of categorical features.
2024-03-11 02:53:30,882:INFO:Set up column name cleaning.
2024-03-11 02:53:30,918:INFO:Finished creating preprocessing pipeline.
2024-03-11 02:53:30,931:INFO:Pipeline: Pipeline(memory=FastMemory(location=C:\Users\aroun\AppData\Local\Temp\joblib),
         steps=[('numerical_imputer',
                 TransformerWrapper(include=['Unnamed: 0', 'PM10', 'O3', 'CO',
                                             'NO2', 'SO2', 'WS', 'TEMP', 'RH',
                                             'WD'],
                                    transformer=SimpleImputer())),
                ('categorical_imputer',
                 TransformerWrapper(include=['DATETIMEDATA'],
                                    transformer=SimpleImputer(strategy='most_frequent'))),
                ('rest_encoding',
                 TransformerWrapper(include=['DATETIMEDATA'],
                                    transformer=TargetEncoder(cols=['DATETIMEDATA'],
                                                              handle_missing='return_nan'))),
                ('clean_column_names',
                 TransformerWrapper(transformer=CleanColumnNames()))])
2024-03-11 02:53:30,932:INFO:Creating final display dataframe.
2024-03-11 02:53:31,037:INFO:Setup _display_container:                     Description             Value
0                    Session id               123
1                        Target              PM25
2                   Target type        Regression
3           Original data shape        (1630, 12)
4        Transformed data shape        (1630, 12)
5   Transformed train set shape        (1141, 12)
6    Transformed test set shape         (489, 12)
7              Numeric features                10
8          Categorical features                 1
9                    Preprocess              True
10              Imputation type            simple
11           Numeric imputation              mean
12       Categorical imputation              mode
13     Maximum one-hot encoding                25
14              Encoding method              None
15               Fold Generator             KFold
16                  Fold Number                10
17                     CPU Jobs                -1
18                      Use GPU             False
19               Log Experiment             False
20              Experiment Name  reg-default-name
21                          USI              fdea
2024-03-11 02:53:31,106:WARNING:
'xgboost' is a soft dependency and not included in the pycaret installation. Please run: `pip install xgboost` to install.
Alternately, you can install this by running `pip install pycaret[models]`
2024-03-11 02:53:31,107:INFO:Soft dependency imported: catboost: 1.2.3
2024-03-11 02:53:31,168:WARNING:
'xgboost' is a soft dependency and not included in the pycaret installation. Please run: `pip install xgboost` to install.
Alternately, you can install this by running `pip install pycaret[models]`
2024-03-11 02:53:31,168:INFO:Soft dependency imported: catboost: 1.2.3
2024-03-11 02:53:31,184:WARNING:C:\Users\aroun\AppData\Local\Packages\PythonSoftwareFoundation.Python.3.11_qbz5n2kfra8p0\LocalCache\local-packages\Python311\site-packages\pycaret\internal\metrics.py:51: FutureWarning: The `needs_threshold` and `needs_proba` parameter are deprecated in version 1.4 and will be removed in 1.6. You can either let `response_method` be `None` or set it to `predict` to preserve the same behaviour.
  warnings.warn(

2024-03-11 02:53:31,184:INFO:setup() successfully completed in 19.77s...............
2024-03-11 02:53:31,184:INFO:Initializing compare_models()
2024-03-11 02:53:31,184:INFO:compare_models(self=<pycaret.regression.oop.RegressionExperiment object at 0x000001A1A92E6190>, include=None, exclude=None, fold=None, round=4, cross_validation=True, sort=R2, n_select=1, budget_time=None, turbo=True, errors=ignore, fit_kwargs=None, groups=None, experiment_custom_tags=None, probability_threshold=None, verbose=True, parallel=None, caller_params={'self': <pycaret.regression.oop.RegressionExperiment object at 0x000001A1A92E6190>, 'include': None, 'exclude': None, 'fold': None, 'round': 4, 'cross_validation': True, 'sort': 'R2', 'n_select': 1, 'budget_time': None, 'turbo': True, 'errors': 'ignore', 'fit_kwargs': None, 'groups': None, 'experiment_custom_tags': None, 'engine': None, 'verbose': True, 'parallel': None, '__class__': <class 'pycaret.regression.oop.RegressionExperiment'>})
2024-03-11 02:53:31,184:INFO:Checking exceptions
2024-03-11 02:53:31,185:INFO:Preparing display monitor
2024-03-11 02:53:31,206:INFO:Initializing Linear Regression
2024-03-11 02:53:31,207:INFO:Total runtime is 1.6669432322184246e-05 minutes
2024-03-11 02:53:31,211:INFO:SubProcess create_model() called ==================================
2024-03-11 02:53:31,211:INFO:Initializing create_model()
2024-03-11 02:53:31,211:INFO:create_model(self=<pycaret.regression.oop.RegressionExperiment object at 0x000001A1A92E6190>, estimator=lr, fold=KFold(n_splits=10, random_state=None, shuffle=False), round=4, cross_validation=True, predict=True, fit_kwargs={}, groups=None, refit=False, probability_threshold=None, experiment_custom_tags=None, verbose=False, system=False, add_to_model_list=True, metrics=None, display=<pycaret.internal.display.display.CommonDisplay object at 0x000001A1AE037410>, model_only=True, return_train_score=False, error_score=0.0, kwargs={})
2024-03-11 02:53:31,212:INFO:Checking exceptions
2024-03-11 02:53:31,212:INFO:Importing libraries
2024-03-11 02:53:31,212:INFO:Copying training dataset
2024-03-11 02:53:31,216:INFO:Defining folds
2024-03-11 02:53:31,216:INFO:Declaring metric variables
2024-03-11 02:53:31,219:INFO:Importing untrained model
2024-03-11 02:53:31,222:INFO:Linear Regression Imported successfully
2024-03-11 02:53:31,226:INFO:Starting cross validation
2024-03-11 02:53:31,268:INFO:Cross validating with KFold(n_splits=10, random_state=None, shuffle=False), n_jobs=-1
2024-03-11 02:53:35,913:INFO:Calculating mean and std
2024-03-11 02:53:35,915:INFO:Creating metrics dataframe
2024-03-11 02:53:35,918:INFO:Uploading results into container
2024-03-11 02:53:35,919:INFO:Uploading model into container now
2024-03-11 02:53:35,919:INFO:_master_model_container: 1
2024-03-11 02:53:35,919:INFO:_display_container: 2
2024-03-11 02:53:35,919:INFO:LinearRegression(n_jobs=-1)
2024-03-11 02:53:35,919:INFO:create_model() successfully completed......................................
2024-03-11 02:53:36,033:INFO:SubProcess create_model() end ==================================
2024-03-11 02:53:36,033:INFO:Creating metrics dataframe
2024-03-11 02:53:36,040:INFO:Initializing Lasso Regression
2024-03-11 02:53:36,040:INFO:Total runtime is 0.08056760231653849 minutes
2024-03-11 02:53:36,042:INFO:SubProcess create_model() called ==================================
2024-03-11 02:53:36,043:INFO:Initializing create_model()
2024-03-11 02:53:36,043:INFO:create_model(self=<pycaret.regression.oop.RegressionExperiment object at 0x000001A1A92E6190>, estimator=lasso, fold=KFold(n_splits=10, random_state=None, shuffle=False), round=4, cross_validation=True, predict=True, fit_kwargs={}, groups=None, refit=False, probability_threshold=None, experiment_custom_tags=None, verbose=False, system=False, add_to_model_list=True, metrics=None, display=<pycaret.internal.display.display.CommonDisplay object at 0x000001A1AE037410>, model_only=True, return_train_score=False, error_score=0.0, kwargs={})
2024-03-11 02:53:36,043:INFO:Checking exceptions
2024-03-11 02:53:36,043:INFO:Importing libraries
2024-03-11 02:53:36,043:INFO:Copying training dataset
2024-03-11 02:53:36,046:INFO:Defining folds
2024-03-11 02:53:36,046:INFO:Declaring metric variables
2024-03-11 02:53:36,048:INFO:Importing untrained model
2024-03-11 02:53:36,052:INFO:Lasso Regression Imported successfully
2024-03-11 02:53:36,058:INFO:Starting cross validation
2024-03-11 02:53:36,059:INFO:Cross validating with KFold(n_splits=10, random_state=None, shuffle=False), n_jobs=-1
2024-03-11 02:53:38,466:INFO:Calculating mean and std
2024-03-11 02:53:38,467:INFO:Creating metrics dataframe
2024-03-11 02:53:38,469:INFO:Uploading results into container
2024-03-11 02:53:38,470:INFO:Uploading model into container now
2024-03-11 02:53:38,470:INFO:_master_model_container: 2
2024-03-11 02:53:38,470:INFO:_display_container: 2
2024-03-11 02:53:38,471:INFO:Lasso(random_state=123)
2024-03-11 02:53:38,471:INFO:create_model() successfully completed......................................
2024-03-11 02:53:38,602:INFO:SubProcess create_model() end ==================================
2024-03-11 02:53:38,602:INFO:Creating metrics dataframe
2024-03-11 02:53:38,608:INFO:Initializing Ridge Regression
2024-03-11 02:53:38,608:INFO:Total runtime is 0.1233789563179016 minutes
2024-03-11 02:53:38,610:INFO:SubProcess create_model() called ==================================
2024-03-11 02:53:38,611:INFO:Initializing create_model()
2024-03-11 02:53:38,611:INFO:create_model(self=<pycaret.regression.oop.RegressionExperiment object at 0x000001A1A92E6190>, estimator=ridge, fold=KFold(n_splits=10, random_state=None, shuffle=False), round=4, cross_validation=True, predict=True, fit_kwargs={}, groups=None, refit=False, probability_threshold=None, experiment_custom_tags=None, verbose=False, system=False, add_to_model_list=True, metrics=None, display=<pycaret.internal.display.display.CommonDisplay object at 0x000001A1AE037410>, model_only=True, return_train_score=False, error_score=0.0, kwargs={})
2024-03-11 02:53:38,611:INFO:Checking exceptions
2024-03-11 02:53:38,611:INFO:Importing libraries
2024-03-11 02:53:38,611:INFO:Copying training dataset
2024-03-11 02:53:38,613:INFO:Defining folds
2024-03-11 02:53:38,614:INFO:Declaring metric variables
2024-03-11 02:53:38,616:INFO:Importing untrained model
2024-03-11 02:53:38,619:INFO:Ridge Regression Imported successfully
2024-03-11 02:53:38,623:INFO:Starting cross validation
2024-03-11 02:53:38,624:INFO:Cross validating with KFold(n_splits=10, random_state=None, shuffle=False), n_jobs=-1
2024-03-11 02:53:38,716:INFO:Calculating mean and std
2024-03-11 02:53:38,716:INFO:Creating metrics dataframe
2024-03-11 02:53:38,717:INFO:Uploading results into container
2024-03-11 02:53:38,718:INFO:Uploading model into container now
2024-03-11 02:53:38,718:INFO:_master_model_container: 3
2024-03-11 02:53:38,718:INFO:_display_container: 2
2024-03-11 02:53:38,719:INFO:Ridge(random_state=123)
2024-03-11 02:53:38,719:INFO:create_model() successfully completed......................................
2024-03-11 02:53:38,826:INFO:SubProcess create_model() end ==================================
2024-03-11 02:53:38,826:INFO:Creating metrics dataframe
2024-03-11 02:53:38,832:INFO:Initializing Elastic Net
2024-03-11 02:53:38,832:INFO:Total runtime is 0.12709993918736776 minutes
2024-03-11 02:53:38,835:INFO:SubProcess create_model() called ==================================
2024-03-11 02:53:38,835:INFO:Initializing create_model()
2024-03-11 02:53:38,835:INFO:create_model(self=<pycaret.regression.oop.RegressionExperiment object at 0x000001A1A92E6190>, estimator=en, fold=KFold(n_splits=10, random_state=None, shuffle=False), round=4, cross_validation=True, predict=True, fit_kwargs={}, groups=None, refit=False, probability_threshold=None, experiment_custom_tags=None, verbose=False, system=False, add_to_model_list=True, metrics=None, display=<pycaret.internal.display.display.CommonDisplay object at 0x000001A1AE037410>, model_only=True, return_train_score=False, error_score=0.0, kwargs={})
2024-03-11 02:53:38,835:INFO:Checking exceptions
2024-03-11 02:53:38,835:INFO:Importing libraries
2024-03-11 02:53:38,835:INFO:Copying training dataset
2024-03-11 02:53:38,838:INFO:Defining folds
2024-03-11 02:53:38,839:INFO:Declaring metric variables
2024-03-11 02:53:38,843:INFO:Importing untrained model
2024-03-11 02:53:38,846:INFO:Elastic Net Imported successfully
2024-03-11 02:53:38,853:INFO:Starting cross validation
2024-03-11 02:53:38,853:INFO:Cross validating with KFold(n_splits=10, random_state=None, shuffle=False), n_jobs=-1
2024-03-11 02:53:38,942:INFO:Calculating mean and std
2024-03-11 02:53:38,942:INFO:Creating metrics dataframe
2024-03-11 02:53:38,943:INFO:Uploading results into container
2024-03-11 02:53:38,944:INFO:Uploading model into container now
2024-03-11 02:53:38,944:INFO:_master_model_container: 4
2024-03-11 02:53:38,944:INFO:_display_container: 2
2024-03-11 02:53:38,944:INFO:ElasticNet(random_state=123)
2024-03-11 02:53:38,944:INFO:create_model() successfully completed......................................
2024-03-11 02:53:39,045:INFO:SubProcess create_model() end ==================================
2024-03-11 02:53:39,045:INFO:Creating metrics dataframe
2024-03-11 02:53:39,052:INFO:Initializing Least Angle Regression
2024-03-11 02:53:39,052:INFO:Total runtime is 0.13077669143676757 minutes
2024-03-11 02:53:39,055:INFO:SubProcess create_model() called ==================================
2024-03-11 02:53:39,055:INFO:Initializing create_model()
2024-03-11 02:53:39,055:INFO:create_model(self=<pycaret.regression.oop.RegressionExperiment object at 0x000001A1A92E6190>, estimator=lar, fold=KFold(n_splits=10, random_state=None, shuffle=False), round=4, cross_validation=True, predict=True, fit_kwargs={}, groups=None, refit=False, probability_threshold=None, experiment_custom_tags=None, verbose=False, system=False, add_to_model_list=True, metrics=None, display=<pycaret.internal.display.display.CommonDisplay object at 0x000001A1AE037410>, model_only=True, return_train_score=False, error_score=0.0, kwargs={})
2024-03-11 02:53:39,055:INFO:Checking exceptions
2024-03-11 02:53:39,055:INFO:Importing libraries
2024-03-11 02:53:39,055:INFO:Copying training dataset
2024-03-11 02:53:39,060:INFO:Defining folds
2024-03-11 02:53:39,060:INFO:Declaring metric variables
2024-03-11 02:53:39,063:INFO:Importing untrained model
2024-03-11 02:53:39,066:INFO:Least Angle Regression Imported successfully
2024-03-11 02:53:39,071:INFO:Starting cross validation
2024-03-11 02:53:39,072:INFO:Cross validating with KFold(n_splits=10, random_state=None, shuffle=False), n_jobs=-1
2024-03-11 02:53:39,172:INFO:Calculating mean and std
2024-03-11 02:53:39,173:INFO:Creating metrics dataframe
2024-03-11 02:53:39,174:INFO:Uploading results into container
2024-03-11 02:53:39,174:INFO:Uploading model into container now
2024-03-11 02:53:39,175:INFO:_master_model_container: 5
2024-03-11 02:53:39,175:INFO:_display_container: 2
2024-03-11 02:53:39,175:INFO:Lars(random_state=123)
2024-03-11 02:53:39,175:INFO:create_model() successfully completed......................................
2024-03-11 02:53:39,282:INFO:SubProcess create_model() end ==================================
2024-03-11 02:53:39,282:INFO:Creating metrics dataframe
2024-03-11 02:53:39,291:INFO:Initializing Lasso Least Angle Regression
2024-03-11 02:53:39,292:INFO:Total runtime is 0.13476957082748411 minutes
2024-03-11 02:53:39,296:INFO:SubProcess create_model() called ==================================
2024-03-11 02:53:39,296:INFO:Initializing create_model()
2024-03-11 02:53:39,296:INFO:create_model(self=<pycaret.regression.oop.RegressionExperiment object at 0x000001A1A92E6190>, estimator=llar, fold=KFold(n_splits=10, random_state=None, shuffle=False), round=4, cross_validation=True, predict=True, fit_kwargs={}, groups=None, refit=False, probability_threshold=None, experiment_custom_tags=None, verbose=False, system=False, add_to_model_list=True, metrics=None, display=<pycaret.internal.display.display.CommonDisplay object at 0x000001A1AE037410>, model_only=True, return_train_score=False, error_score=0.0, kwargs={})
2024-03-11 02:53:39,297:INFO:Checking exceptions
2024-03-11 02:53:39,297:INFO:Importing libraries
2024-03-11 02:53:39,297:INFO:Copying training dataset
2024-03-11 02:53:39,302:INFO:Defining folds
2024-03-11 02:53:39,302:INFO:Declaring metric variables
2024-03-11 02:53:39,305:INFO:Importing untrained model
2024-03-11 02:53:39,309:INFO:Lasso Least Angle Regression Imported successfully
2024-03-11 02:53:39,314:INFO:Starting cross validation
2024-03-11 02:53:39,315:INFO:Cross validating with KFold(n_splits=10, random_state=None, shuffle=False), n_jobs=-1
2024-03-11 02:53:39,421:INFO:Calculating mean and std
2024-03-11 02:53:39,421:INFO:Creating metrics dataframe
2024-03-11 02:53:39,423:INFO:Uploading results into container
2024-03-11 02:53:39,423:INFO:Uploading model into container now
2024-03-11 02:53:39,423:INFO:_master_model_container: 6
2024-03-11 02:53:39,423:INFO:_display_container: 2
2024-03-11 02:53:39,424:INFO:LassoLars(random_state=123)
2024-03-11 02:53:39,424:INFO:create_model() successfully completed......................................
2024-03-11 02:53:39,529:INFO:SubProcess create_model() end ==================================
2024-03-11 02:53:39,529:INFO:Creating metrics dataframe
2024-03-11 02:53:39,539:INFO:Initializing Orthogonal Matching Pursuit
2024-03-11 02:53:39,539:INFO:Total runtime is 0.13888322512308754 minutes
2024-03-11 02:53:39,544:INFO:SubProcess create_model() called ==================================
2024-03-11 02:53:39,544:INFO:Initializing create_model()
2024-03-11 02:53:39,544:INFO:create_model(self=<pycaret.regression.oop.RegressionExperiment object at 0x000001A1A92E6190>, estimator=omp, fold=KFold(n_splits=10, random_state=None, shuffle=False), round=4, cross_validation=True, predict=True, fit_kwargs={}, groups=None, refit=False, probability_threshold=None, experiment_custom_tags=None, verbose=False, system=False, add_to_model_list=True, metrics=None, display=<pycaret.internal.display.display.CommonDisplay object at 0x000001A1AE037410>, model_only=True, return_train_score=False, error_score=0.0, kwargs={})
2024-03-11 02:53:39,544:INFO:Checking exceptions
2024-03-11 02:53:39,544:INFO:Importing libraries
2024-03-11 02:53:39,544:INFO:Copying training dataset
2024-03-11 02:53:39,549:INFO:Defining folds
2024-03-11 02:53:39,549:INFO:Declaring metric variables
2024-03-11 02:53:39,552:INFO:Importing untrained model
2024-03-11 02:53:39,556:INFO:Orthogonal Matching Pursuit Imported successfully
2024-03-11 02:53:39,561:INFO:Starting cross validation
2024-03-11 02:53:39,562:INFO:Cross validating with KFold(n_splits=10, random_state=None, shuffle=False), n_jobs=-1
2024-03-11 02:53:39,650:INFO:Calculating mean and std
2024-03-11 02:53:39,651:INFO:Creating metrics dataframe
2024-03-11 02:53:39,653:INFO:Uploading results into container
2024-03-11 02:53:39,654:INFO:Uploading model into container now
2024-03-11 02:53:39,654:INFO:_master_model_container: 7
2024-03-11 02:53:39,654:INFO:_display_container: 2
2024-03-11 02:53:39,655:INFO:OrthogonalMatchingPursuit()
2024-03-11 02:53:39,655:INFO:create_model() successfully completed......................................
2024-03-11 02:53:39,767:INFO:SubProcess create_model() end ==================================
2024-03-11 02:53:39,767:INFO:Creating metrics dataframe
2024-03-11 02:53:39,778:INFO:Initializing Bayesian Ridge
2024-03-11 02:53:39,778:INFO:Total runtime is 0.1428789655367533 minutes
2024-03-11 02:53:39,782:INFO:SubProcess create_model() called ==================================
2024-03-11 02:53:39,782:INFO:Initializing create_model()
2024-03-11 02:53:39,782:INFO:create_model(self=<pycaret.regression.oop.RegressionExperiment object at 0x000001A1A92E6190>, estimator=br, fold=KFold(n_splits=10, random_state=None, shuffle=False), round=4, cross_validation=True, predict=True, fit_kwargs={}, groups=None, refit=False, probability_threshold=None, experiment_custom_tags=None, verbose=False, system=False, add_to_model_list=True, metrics=None, display=<pycaret.internal.display.display.CommonDisplay object at 0x000001A1AE037410>, model_only=True, return_train_score=False, error_score=0.0, kwargs={})
2024-03-11 02:53:39,782:INFO:Checking exceptions
2024-03-11 02:53:39,782:INFO:Importing libraries
2024-03-11 02:53:39,782:INFO:Copying training dataset
2024-03-11 02:53:39,787:INFO:Defining folds
2024-03-11 02:53:39,787:INFO:Declaring metric variables
2024-03-11 02:53:39,789:INFO:Importing untrained model
2024-03-11 02:53:39,794:INFO:Bayesian Ridge Imported successfully
2024-03-11 02:53:39,799:INFO:Starting cross validation
2024-03-11 02:53:39,801:INFO:Cross validating with KFold(n_splits=10, random_state=None, shuffle=False), n_jobs=-1
2024-03-11 02:53:39,896:INFO:Calculating mean and std
2024-03-11 02:53:39,897:INFO:Creating metrics dataframe
2024-03-11 02:53:39,899:INFO:Uploading results into container
2024-03-11 02:53:39,899:INFO:Uploading model into container now
2024-03-11 02:53:39,900:INFO:_master_model_container: 8
2024-03-11 02:53:39,900:INFO:_display_container: 2
2024-03-11 02:53:39,900:INFO:BayesianRidge()
2024-03-11 02:53:39,900:INFO:create_model() successfully completed......................................
2024-03-11 02:53:40,029:INFO:SubProcess create_model() end ==================================
2024-03-11 02:53:40,029:INFO:Creating metrics dataframe
2024-03-11 02:53:40,034:INFO:Initializing Passive Aggressive Regressor
2024-03-11 02:53:40,034:INFO:Total runtime is 0.14714613358179726 minutes
2024-03-11 02:53:40,037:INFO:SubProcess create_model() called ==================================
2024-03-11 02:53:40,037:INFO:Initializing create_model()
2024-03-11 02:53:40,037:INFO:create_model(self=<pycaret.regression.oop.RegressionExperiment object at 0x000001A1A92E6190>, estimator=par, fold=KFold(n_splits=10, random_state=None, shuffle=False), round=4, cross_validation=True, predict=True, fit_kwargs={}, groups=None, refit=False, probability_threshold=None, experiment_custom_tags=None, verbose=False, system=False, add_to_model_list=True, metrics=None, display=<pycaret.internal.display.display.CommonDisplay object at 0x000001A1AE037410>, model_only=True, return_train_score=False, error_score=0.0, kwargs={})
2024-03-11 02:53:40,037:INFO:Checking exceptions
2024-03-11 02:53:40,037:INFO:Importing libraries
2024-03-11 02:53:40,037:INFO:Copying training dataset
2024-03-11 02:53:40,040:INFO:Defining folds
2024-03-11 02:53:40,040:INFO:Declaring metric variables
2024-03-11 02:53:40,043:INFO:Importing untrained model
2024-03-11 02:53:40,046:INFO:Passive Aggressive Regressor Imported successfully
2024-03-11 02:53:40,050:INFO:Starting cross validation
2024-03-11 02:53:40,052:INFO:Cross validating with KFold(n_splits=10, random_state=None, shuffle=False), n_jobs=-1
2024-03-11 02:53:40,168:INFO:Calculating mean and std
2024-03-11 02:53:40,168:INFO:Creating metrics dataframe
2024-03-11 02:53:40,169:INFO:Uploading results into container
2024-03-11 02:53:40,169:INFO:Uploading model into container now
2024-03-11 02:53:40,170:INFO:_master_model_container: 9
2024-03-11 02:53:40,170:INFO:_display_container: 2
2024-03-11 02:53:40,170:INFO:PassiveAggressiveRegressor(random_state=123)
2024-03-11 02:53:40,170:INFO:create_model() successfully completed......................................
2024-03-11 02:53:40,266:INFO:SubProcess create_model() end ==================================
2024-03-11 02:53:40,267:INFO:Creating metrics dataframe
2024-03-11 02:53:40,274:INFO:Initializing Huber Regressor
2024-03-11 02:53:40,274:INFO:Total runtime is 0.15113281806310017 minutes
2024-03-11 02:53:40,276:INFO:SubProcess create_model() called ==================================
2024-03-11 02:53:40,276:INFO:Initializing create_model()
2024-03-11 02:53:40,277:INFO:create_model(self=<pycaret.regression.oop.RegressionExperiment object at 0x000001A1A92E6190>, estimator=huber, fold=KFold(n_splits=10, random_state=None, shuffle=False), round=4, cross_validation=True, predict=True, fit_kwargs={}, groups=None, refit=False, probability_threshold=None, experiment_custom_tags=None, verbose=False, system=False, add_to_model_list=True, metrics=None, display=<pycaret.internal.display.display.CommonDisplay object at 0x000001A1AE037410>, model_only=True, return_train_score=False, error_score=0.0, kwargs={})
2024-03-11 02:53:40,277:INFO:Checking exceptions
2024-03-11 02:53:40,277:INFO:Importing libraries
2024-03-11 02:53:40,277:INFO:Copying training dataset
2024-03-11 02:53:40,280:INFO:Defining folds
2024-03-11 02:53:40,280:INFO:Declaring metric variables
2024-03-11 02:53:40,283:INFO:Importing untrained model
2024-03-11 02:53:40,285:INFO:Huber Regressor Imported successfully
2024-03-11 02:53:40,289:INFO:Starting cross validation
2024-03-11 02:53:40,290:INFO:Cross validating with KFold(n_splits=10, random_state=None, shuffle=False), n_jobs=-1
2024-03-11 02:53:40,374:WARNING:C:\Users\aroun\AppData\Local\Packages\PythonSoftwareFoundation.Python.3.11_qbz5n2kfra8p0\LocalCache\local-packages\Python311\site-packages\sklearn\linear_model\_huber.py:342: ConvergenceWarning: lbfgs failed to converge (status=1):
STOP: TOTAL NO. of ITERATIONS REACHED LIMIT.

Increase the number of iterations (max_iter) or scale the data as shown in:
    https://scikit-learn.org/stable/modules/preprocessing.html
  self.n_iter_ = _check_optimize_result("lbfgs", opt_res, self.max_iter)

2024-03-11 02:53:40,374:WARNING:C:\Users\aroun\AppData\Local\Packages\PythonSoftwareFoundation.Python.3.11_qbz5n2kfra8p0\LocalCache\local-packages\Python311\site-packages\sklearn\linear_model\_huber.py:342: ConvergenceWarning: lbfgs failed to converge (status=1):
STOP: TOTAL NO. of ITERATIONS REACHED LIMIT.

Increase the number of iterations (max_iter) or scale the data as shown in:
    https://scikit-learn.org/stable/modules/preprocessing.html
  self.n_iter_ = _check_optimize_result("lbfgs", opt_res, self.max_iter)

2024-03-11 02:53:40,374:WARNING:C:\Users\aroun\AppData\Local\Packages\PythonSoftwareFoundation.Python.3.11_qbz5n2kfra8p0\LocalCache\local-packages\Python311\site-packages\sklearn\linear_model\_huber.py:342: ConvergenceWarning: lbfgs failed to converge (status=1):
STOP: TOTAL NO. of ITERATIONS REACHED LIMIT.

Increase the number of iterations (max_iter) or scale the data as shown in:
    https://scikit-learn.org/stable/modules/preprocessing.html
  self.n_iter_ = _check_optimize_result("lbfgs", opt_res, self.max_iter)

2024-03-11 02:53:40,375:WARNING:C:\Users\aroun\AppData\Local\Packages\PythonSoftwareFoundation.Python.3.11_qbz5n2kfra8p0\LocalCache\local-packages\Python311\site-packages\sklearn\linear_model\_huber.py:342: ConvergenceWarning: lbfgs failed to converge (status=1):
STOP: TOTAL NO. of ITERATIONS REACHED LIMIT.

Increase the number of iterations (max_iter) or scale the data as shown in:
    https://scikit-learn.org/stable/modules/preprocessing.html
  self.n_iter_ = _check_optimize_result("lbfgs", opt_res, self.max_iter)

2024-03-11 02:53:40,378:WARNING:C:\Users\aroun\AppData\Local\Packages\PythonSoftwareFoundation.Python.3.11_qbz5n2kfra8p0\LocalCache\local-packages\Python311\site-packages\sklearn\linear_model\_huber.py:342: ConvergenceWarning: lbfgs failed to converge (status=1):
STOP: TOTAL NO. of ITERATIONS REACHED LIMIT.

Increase the number of iterations (max_iter) or scale the data as shown in:
    https://scikit-learn.org/stable/modules/preprocessing.html
  self.n_iter_ = _check_optimize_result("lbfgs", opt_res, self.max_iter)

2024-03-11 02:53:40,378:WARNING:C:\Users\aroun\AppData\Local\Packages\PythonSoftwareFoundation.Python.3.11_qbz5n2kfra8p0\LocalCache\local-packages\Python311\site-packages\sklearn\linear_model\_huber.py:342: ConvergenceWarning: lbfgs failed to converge (status=1):
STOP: TOTAL NO. of ITERATIONS REACHED LIMIT.

Increase the number of iterations (max_iter) or scale the data as shown in:
    https://scikit-learn.org/stable/modules/preprocessing.html
  self.n_iter_ = _check_optimize_result("lbfgs", opt_res, self.max_iter)

2024-03-11 02:53:40,386:WARNING:C:\Users\aroun\AppData\Local\Packages\PythonSoftwareFoundation.Python.3.11_qbz5n2kfra8p0\LocalCache\local-packages\Python311\site-packages\sklearn\linear_model\_huber.py:342: ConvergenceWarning: lbfgs failed to converge (status=1):
STOP: TOTAL NO. of ITERATIONS REACHED LIMIT.

Increase the number of iterations (max_iter) or scale the data as shown in:
    https://scikit-learn.org/stable/modules/preprocessing.html
  self.n_iter_ = _check_optimize_result("lbfgs", opt_res, self.max_iter)

2024-03-11 02:53:40,390:WARNING:C:\Users\aroun\AppData\Local\Packages\PythonSoftwareFoundation.Python.3.11_qbz5n2kfra8p0\LocalCache\local-packages\Python311\site-packages\sklearn\linear_model\_huber.py:342: ConvergenceWarning: lbfgs failed to converge (status=1):
STOP: TOTAL NO. of ITERATIONS REACHED LIMIT.

Increase the number of iterations (max_iter) or scale the data as shown in:
    https://scikit-learn.org/stable/modules/preprocessing.html
  self.n_iter_ = _check_optimize_result("lbfgs", opt_res, self.max_iter)

2024-03-11 02:53:40,394:WARNING:C:\Users\aroun\AppData\Local\Packages\PythonSoftwareFoundation.Python.3.11_qbz5n2kfra8p0\LocalCache\local-packages\Python311\site-packages\sklearn\linear_model\_huber.py:342: ConvergenceWarning: lbfgs failed to converge (status=1):
STOP: TOTAL NO. of ITERATIONS REACHED LIMIT.

Increase the number of iterations (max_iter) or scale the data as shown in:
    https://scikit-learn.org/stable/modules/preprocessing.html
  self.n_iter_ = _check_optimize_result("lbfgs", opt_res, self.max_iter)

2024-03-11 02:53:40,411:INFO:Calculating mean and std
2024-03-11 02:53:40,412:INFO:Creating metrics dataframe
2024-03-11 02:53:40,413:INFO:Uploading results into container
2024-03-11 02:53:40,413:INFO:Uploading model into container now
2024-03-11 02:53:40,413:INFO:_master_model_container: 10
2024-03-11 02:53:40,413:INFO:_display_container: 2
2024-03-11 02:53:40,414:INFO:HuberRegressor()
2024-03-11 02:53:40,414:INFO:create_model() successfully completed......................................
2024-03-11 02:53:40,531:INFO:SubProcess create_model() end ==================================
2024-03-11 02:53:40,532:INFO:Creating metrics dataframe
2024-03-11 02:53:40,541:INFO:Initializing K Neighbors Regressor
2024-03-11 02:53:40,542:INFO:Total runtime is 0.15560081799825032 minutes
2024-03-11 02:53:40,544:INFO:SubProcess create_model() called ==================================
2024-03-11 02:53:40,545:INFO:Initializing create_model()
2024-03-11 02:53:40,545:INFO:create_model(self=<pycaret.regression.oop.RegressionExperiment object at 0x000001A1A92E6190>, estimator=knn, fold=KFold(n_splits=10, random_state=None, shuffle=False), round=4, cross_validation=True, predict=True, fit_kwargs={}, groups=None, refit=False, probability_threshold=None, experiment_custom_tags=None, verbose=False, system=False, add_to_model_list=True, metrics=None, display=<pycaret.internal.display.display.CommonDisplay object at 0x000001A1AE037410>, model_only=True, return_train_score=False, error_score=0.0, kwargs={})
2024-03-11 02:53:40,545:INFO:Checking exceptions
2024-03-11 02:53:40,545:INFO:Importing libraries
2024-03-11 02:53:40,545:INFO:Copying training dataset
2024-03-11 02:53:40,549:INFO:Defining folds
2024-03-11 02:53:40,550:INFO:Declaring metric variables
2024-03-11 02:53:40,553:INFO:Importing untrained model
2024-03-11 02:53:40,557:INFO:K Neighbors Regressor Imported successfully
2024-03-11 02:53:40,562:INFO:Starting cross validation
2024-03-11 02:53:40,563:INFO:Cross validating with KFold(n_splits=10, random_state=None, shuffle=False), n_jobs=-1
2024-03-11 02:53:40,684:INFO:Calculating mean and std
2024-03-11 02:53:40,685:INFO:Creating metrics dataframe
2024-03-11 02:53:40,686:INFO:Uploading results into container
2024-03-11 02:53:40,687:INFO:Uploading model into container now
2024-03-11 02:53:40,687:INFO:_master_model_container: 11
2024-03-11 02:53:40,687:INFO:_display_container: 2
2024-03-11 02:53:40,687:INFO:KNeighborsRegressor(n_jobs=-1)
2024-03-11 02:53:40,688:INFO:create_model() successfully completed......................................
2024-03-11 02:53:40,785:INFO:SubProcess create_model() end ==================================
2024-03-11 02:53:40,785:INFO:Creating metrics dataframe
2024-03-11 02:53:40,793:INFO:Initializing Decision Tree Regressor
2024-03-11 02:53:40,793:INFO:Total runtime is 0.15977967182795205 minutes
2024-03-11 02:53:40,795:INFO:SubProcess create_model() called ==================================
2024-03-11 02:53:40,796:INFO:Initializing create_model()
2024-03-11 02:53:40,796:INFO:create_model(self=<pycaret.regression.oop.RegressionExperiment object at 0x000001A1A92E6190>, estimator=dt, fold=KFold(n_splits=10, random_state=None, shuffle=False), round=4, cross_validation=True, predict=True, fit_kwargs={}, groups=None, refit=False, probability_threshold=None, experiment_custom_tags=None, verbose=False, system=False, add_to_model_list=True, metrics=None, display=<pycaret.internal.display.display.CommonDisplay object at 0x000001A1AE037410>, model_only=True, return_train_score=False, error_score=0.0, kwargs={})
2024-03-11 02:53:40,796:INFO:Checking exceptions
2024-03-11 02:53:40,796:INFO:Importing libraries
2024-03-11 02:53:40,796:INFO:Copying training dataset
2024-03-11 02:53:40,800:INFO:Defining folds
2024-03-11 02:53:40,800:INFO:Declaring metric variables
2024-03-11 02:53:40,802:INFO:Importing untrained model
2024-03-11 02:53:40,805:INFO:Decision Tree Regressor Imported successfully
2024-03-11 02:53:40,809:INFO:Starting cross validation
2024-03-11 02:53:40,810:INFO:Cross validating with KFold(n_splits=10, random_state=None, shuffle=False), n_jobs=-1
2024-03-11 02:53:40,907:INFO:Calculating mean and std
2024-03-11 02:53:40,907:INFO:Creating metrics dataframe
2024-03-11 02:53:40,909:INFO:Uploading results into container
2024-03-11 02:53:40,909:INFO:Uploading model into container now
2024-03-11 02:53:40,910:INFO:_master_model_container: 12
2024-03-11 02:53:40,910:INFO:_display_container: 2
2024-03-11 02:53:40,910:INFO:DecisionTreeRegressor(random_state=123)
2024-03-11 02:53:40,910:INFO:create_model() successfully completed......................................
2024-03-11 02:53:41,008:INFO:SubProcess create_model() end ==================================
2024-03-11 02:53:41,009:INFO:Creating metrics dataframe
2024-03-11 02:53:41,016:INFO:Initializing Random Forest Regressor
2024-03-11 02:53:41,016:INFO:Total runtime is 0.1635108470916748 minutes
2024-03-11 02:53:41,018:INFO:SubProcess create_model() called ==================================
2024-03-11 02:53:41,018:INFO:Initializing create_model()
2024-03-11 02:53:41,018:INFO:create_model(self=<pycaret.regression.oop.RegressionExperiment object at 0x000001A1A92E6190>, estimator=rf, fold=KFold(n_splits=10, random_state=None, shuffle=False), round=4, cross_validation=True, predict=True, fit_kwargs={}, groups=None, refit=False, probability_threshold=None, experiment_custom_tags=None, verbose=False, system=False, add_to_model_list=True, metrics=None, display=<pycaret.internal.display.display.CommonDisplay object at 0x000001A1AE037410>, model_only=True, return_train_score=False, error_score=0.0, kwargs={})
2024-03-11 02:53:41,019:INFO:Checking exceptions
2024-03-11 02:53:41,019:INFO:Importing libraries
2024-03-11 02:53:41,019:INFO:Copying training dataset
2024-03-11 02:53:41,023:INFO:Defining folds
2024-03-11 02:53:41,023:INFO:Declaring metric variables
2024-03-11 02:53:41,026:INFO:Importing untrained model
2024-03-11 02:53:41,030:INFO:Random Forest Regressor Imported successfully
2024-03-11 02:53:41,035:INFO:Starting cross validation
2024-03-11 02:53:41,036:INFO:Cross validating with KFold(n_splits=10, random_state=None, shuffle=False), n_jobs=-1
2024-03-11 02:53:41,570:INFO:Calculating mean and std
2024-03-11 02:53:41,570:INFO:Creating metrics dataframe
2024-03-11 02:53:41,572:INFO:Uploading results into container
2024-03-11 02:53:41,572:INFO:Uploading model into container now
2024-03-11 02:53:41,572:INFO:_master_model_container: 13
2024-03-11 02:53:41,572:INFO:_display_container: 2
2024-03-11 02:53:41,573:INFO:RandomForestRegressor(n_jobs=-1, random_state=123)
2024-03-11 02:53:41,573:INFO:create_model() successfully completed......................................
2024-03-11 02:53:41,671:INFO:SubProcess create_model() end ==================================
2024-03-11 02:53:41,671:INFO:Creating metrics dataframe
2024-03-11 02:53:41,679:INFO:Initializing Extra Trees Regressor
2024-03-11 02:53:41,679:INFO:Total runtime is 0.17455867131551106 minutes
2024-03-11 02:53:41,682:INFO:SubProcess create_model() called ==================================
2024-03-11 02:53:41,682:INFO:Initializing create_model()
2024-03-11 02:53:41,682:INFO:create_model(self=<pycaret.regression.oop.RegressionExperiment object at 0x000001A1A92E6190>, estimator=et, fold=KFold(n_splits=10, random_state=None, shuffle=False), round=4, cross_validation=True, predict=True, fit_kwargs={}, groups=None, refit=False, probability_threshold=None, experiment_custom_tags=None, verbose=False, system=False, add_to_model_list=True, metrics=None, display=<pycaret.internal.display.display.CommonDisplay object at 0x000001A1AE037410>, model_only=True, return_train_score=False, error_score=0.0, kwargs={})
2024-03-11 02:53:41,682:INFO:Checking exceptions
2024-03-11 02:53:41,682:INFO:Importing libraries
2024-03-11 02:53:41,682:INFO:Copying training dataset
2024-03-11 02:53:41,685:INFO:Defining folds
2024-03-11 02:53:41,686:INFO:Declaring metric variables
2024-03-11 02:53:41,689:INFO:Importing untrained model
2024-03-11 02:53:41,691:INFO:Extra Trees Regressor Imported successfully
2024-03-11 02:53:41,696:INFO:Starting cross validation
2024-03-11 02:53:41,697:INFO:Cross validating with KFold(n_splits=10, random_state=None, shuffle=False), n_jobs=-1
2024-03-11 02:53:42,056:INFO:Calculating mean and std
2024-03-11 02:53:42,056:INFO:Creating metrics dataframe
2024-03-11 02:53:42,058:INFO:Uploading results into container
2024-03-11 02:53:42,058:INFO:Uploading model into container now
2024-03-11 02:53:42,058:INFO:_master_model_container: 14
2024-03-11 02:53:42,058:INFO:_display_container: 2
2024-03-11 02:53:42,059:INFO:ExtraTreesRegressor(n_jobs=-1, random_state=123)
2024-03-11 02:53:42,059:INFO:create_model() successfully completed......................................
2024-03-11 02:53:42,153:INFO:SubProcess create_model() end ==================================
2024-03-11 02:53:42,153:INFO:Creating metrics dataframe
2024-03-11 02:53:42,161:INFO:Initializing AdaBoost Regressor
2024-03-11 02:53:42,162:INFO:Total runtime is 0.18260973294576008 minutes
2024-03-11 02:53:42,166:INFO:SubProcess create_model() called ==================================
2024-03-11 02:53:42,166:INFO:Initializing create_model()
2024-03-11 02:53:42,167:INFO:create_model(self=<pycaret.regression.oop.RegressionExperiment object at 0x000001A1A92E6190>, estimator=ada, fold=KFold(n_splits=10, random_state=None, shuffle=False), round=4, cross_validation=True, predict=True, fit_kwargs={}, groups=None, refit=False, probability_threshold=None, experiment_custom_tags=None, verbose=False, system=False, add_to_model_list=True, metrics=None, display=<pycaret.internal.display.display.CommonDisplay object at 0x000001A1AE037410>, model_only=True, return_train_score=False, error_score=0.0, kwargs={})
2024-03-11 02:53:42,167:INFO:Checking exceptions
2024-03-11 02:53:42,167:INFO:Importing libraries
2024-03-11 02:53:42,167:INFO:Copying training dataset
2024-03-11 02:53:42,170:INFO:Defining folds
2024-03-11 02:53:42,170:INFO:Declaring metric variables
2024-03-11 02:53:42,176:INFO:Importing untrained model
2024-03-11 02:53:42,179:INFO:AdaBoost Regressor Imported successfully
2024-03-11 02:53:42,185:INFO:Starting cross validation
2024-03-11 02:53:42,186:INFO:Cross validating with KFold(n_splits=10, random_state=None, shuffle=False), n_jobs=-1
2024-03-11 02:53:42,400:INFO:Calculating mean and std
2024-03-11 02:53:42,401:INFO:Creating metrics dataframe
2024-03-11 02:53:42,403:INFO:Uploading results into container
2024-03-11 02:53:42,403:INFO:Uploading model into container now
2024-03-11 02:53:42,403:INFO:_master_model_container: 15
2024-03-11 02:53:42,403:INFO:_display_container: 2
2024-03-11 02:53:42,404:INFO:AdaBoostRegressor(random_state=123)
2024-03-11 02:53:42,404:INFO:create_model() successfully completed......................................
2024-03-11 02:53:42,504:INFO:SubProcess create_model() end ==================================
2024-03-11 02:53:42,504:INFO:Creating metrics dataframe
2024-03-11 02:53:42,514:INFO:Initializing Gradient Boosting Regressor
2024-03-11 02:53:42,514:INFO:Total runtime is 0.18846564292907714 minutes
2024-03-11 02:53:42,518:INFO:SubProcess create_model() called ==================================
2024-03-11 02:53:42,518:INFO:Initializing create_model()
2024-03-11 02:53:42,518:INFO:create_model(self=<pycaret.regression.oop.RegressionExperiment object at 0x000001A1A92E6190>, estimator=gbr, fold=KFold(n_splits=10, random_state=None, shuffle=False), round=4, cross_validation=True, predict=True, fit_kwargs={}, groups=None, refit=False, probability_threshold=None, experiment_custom_tags=None, verbose=False, system=False, add_to_model_list=True, metrics=None, display=<pycaret.internal.display.display.CommonDisplay object at 0x000001A1AE037410>, model_only=True, return_train_score=False, error_score=0.0, kwargs={})
2024-03-11 02:53:42,518:INFO:Checking exceptions
2024-03-11 02:53:42,518:INFO:Importing libraries
2024-03-11 02:53:42,518:INFO:Copying training dataset
2024-03-11 02:53:42,522:INFO:Defining folds
2024-03-11 02:53:42,522:INFO:Declaring metric variables
2024-03-11 02:53:42,524:INFO:Importing untrained model
2024-03-11 02:53:42,529:INFO:Gradient Boosting Regressor Imported successfully
2024-03-11 02:53:42,533:INFO:Starting cross validation
2024-03-11 02:53:42,534:INFO:Cross validating with KFold(n_splits=10, random_state=None, shuffle=False), n_jobs=-1
2024-03-11 02:53:42,845:INFO:Calculating mean and std
2024-03-11 02:53:42,846:INFO:Creating metrics dataframe
2024-03-11 02:53:42,847:INFO:Uploading results into container
2024-03-11 02:53:42,848:INFO:Uploading model into container now
2024-03-11 02:53:42,848:INFO:_master_model_container: 16
2024-03-11 02:53:42,848:INFO:_display_container: 2
2024-03-11 02:53:42,849:INFO:GradientBoostingRegressor(random_state=123)
2024-03-11 02:53:42,849:INFO:create_model() successfully completed......................................
2024-03-11 02:53:42,958:INFO:SubProcess create_model() end ==================================
2024-03-11 02:53:42,958:INFO:Creating metrics dataframe
2024-03-11 02:53:42,973:INFO:Initializing Light Gradient Boosting Machine
2024-03-11 02:53:42,973:INFO:Total runtime is 0.19612127145131428 minutes
2024-03-11 02:53:42,977:INFO:SubProcess create_model() called ==================================
2024-03-11 02:53:42,977:INFO:Initializing create_model()
2024-03-11 02:53:42,977:INFO:create_model(self=<pycaret.regression.oop.RegressionExperiment object at 0x000001A1A92E6190>, estimator=lightgbm, fold=KFold(n_splits=10, random_state=None, shuffle=False), round=4, cross_validation=True, predict=True, fit_kwargs={}, groups=None, refit=False, probability_threshold=None, experiment_custom_tags=None, verbose=False, system=False, add_to_model_list=True, metrics=None, display=<pycaret.internal.display.display.CommonDisplay object at 0x000001A1AE037410>, model_only=True, return_train_score=False, error_score=0.0, kwargs={})
2024-03-11 02:53:42,977:INFO:Checking exceptions
2024-03-11 02:53:42,977:INFO:Importing libraries
2024-03-11 02:53:42,977:INFO:Copying training dataset
2024-03-11 02:53:42,981:INFO:Defining folds
2024-03-11 02:53:42,981:INFO:Declaring metric variables
2024-03-11 02:53:42,983:INFO:Importing untrained model
2024-03-11 02:53:42,987:INFO:Light Gradient Boosting Machine Imported successfully
2024-03-11 02:53:42,992:INFO:Starting cross validation
2024-03-11 02:53:42,994:INFO:Cross validating with KFold(n_splits=10, random_state=None, shuffle=False), n_jobs=-1
2024-03-11 02:53:43,883:INFO:Calculating mean and std
2024-03-11 02:53:43,884:INFO:Creating metrics dataframe
2024-03-11 02:53:43,886:INFO:Uploading results into container
2024-03-11 02:53:43,886:INFO:Uploading model into container now
2024-03-11 02:53:43,887:INFO:_master_model_container: 17
2024-03-11 02:53:43,887:INFO:_display_container: 2
2024-03-11 02:53:43,887:INFO:LGBMRegressor(n_jobs=-1, random_state=123)
2024-03-11 02:53:43,887:INFO:create_model() successfully completed......................................
2024-03-11 02:53:43,998:INFO:SubProcess create_model() end ==================================
2024-03-11 02:53:43,998:INFO:Creating metrics dataframe
2024-03-11 02:53:44,004:INFO:Initializing CatBoost Regressor
2024-03-11 02:53:44,004:INFO:Total runtime is 0.21330634752909342 minutes
2024-03-11 02:53:44,007:INFO:SubProcess create_model() called ==================================
2024-03-11 02:53:44,007:INFO:Initializing create_model()
2024-03-11 02:53:44,007:INFO:create_model(self=<pycaret.regression.oop.RegressionExperiment object at 0x000001A1A92E6190>, estimator=catboost, fold=KFold(n_splits=10, random_state=None, shuffle=False), round=4, cross_validation=True, predict=True, fit_kwargs={}, groups=None, refit=False, probability_threshold=None, experiment_custom_tags=None, verbose=False, system=False, add_to_model_list=True, metrics=None, display=<pycaret.internal.display.display.CommonDisplay object at 0x000001A1AE037410>, model_only=True, return_train_score=False, error_score=0.0, kwargs={})
2024-03-11 02:53:44,007:INFO:Checking exceptions
2024-03-11 02:53:44,008:INFO:Importing libraries
2024-03-11 02:53:44,008:INFO:Copying training dataset
2024-03-11 02:53:44,011:INFO:Defining folds
2024-03-11 02:53:44,011:INFO:Declaring metric variables
2024-03-11 02:53:44,014:INFO:Importing untrained model
2024-03-11 02:53:44,017:INFO:CatBoost Regressor Imported successfully
2024-03-11 02:53:44,023:INFO:Starting cross validation
2024-03-11 02:53:44,024:INFO:Cross validating with KFold(n_splits=10, random_state=None, shuffle=False), n_jobs=-1
2024-03-11 02:53:47,367:WARNING:C:\Users\aroun\AppData\Local\Packages\PythonSoftwareFoundation.Python.3.11_qbz5n2kfra8p0\LocalCache\local-packages\Python311\site-packages\sklearn\model_selection\_validation.py:547: FitFailedWarning: 
1 fits failed out of a total of 10.
The score on these train-test partitions for these parameters will be set to 0.0.
If these failures are not expected, you can try to debug them by setting error_score='raise'.

Below are more details about the failures:
--------------------------------------------------------------------------------
1 fits failed with the following error:
Traceback (most recent call last):
  File "C:\Users\aroun\AppData\Local\Packages\PythonSoftwareFoundation.Python.3.11_qbz5n2kfra8p0\LocalCache\local-packages\Python311\site-packages\sklearn\model_selection\_validation.py", line 895, in _fit_and_score
    estimator.fit(X_train, y_train, **fit_params)
  File "C:\Users\aroun\AppData\Local\Packages\PythonSoftwareFoundation.Python.3.11_qbz5n2kfra8p0\LocalCache\local-packages\Python311\site-packages\pycaret\internal\pipeline.py", line 276, in fit
    fitted_estimator = self._memory_fit(
                       ^^^^^^^^^^^^^^^^^
  File "C:\Users\aroun\AppData\Local\Packages\PythonSoftwareFoundation.Python.3.11_qbz5n2kfra8p0\LocalCache\local-packages\Python311\site-packages\joblib\memory.py", line 353, in __call__
    return self.func(*args, **kwargs)
           ^^^^^^^^^^^^^^^^^^^^^^^^^^
  File "C:\Users\aroun\AppData\Local\Packages\PythonSoftwareFoundation.Python.3.11_qbz5n2kfra8p0\LocalCache\local-packages\Python311\site-packages\pycaret\internal\pipeline.py", line 69, in _fit_one
    transformer.fit(*args)
  File "C:\Users\aroun\AppData\Local\Packages\PythonSoftwareFoundation.Python.3.11_qbz5n2kfra8p0\LocalCache\local-packages\Python311\site-packages\catboost\core.py", line 5807, in fit
    return self._fit(X, y, cat_features, text_features, embedding_features, None, sample_weight, None, None, None, None, baseline,
           ^^^^^^^^^^^^^^^^^^^^^^^^^^^^^^^^^^^^^^^^^^^^^^^^^^^^^^^^^^^^^^^^^^^^^^^^^^^^^^^^^^^^^^^^^^^^^^^^^^^^^^^^^^^^^^^^^^^^^^^
  File "C:\Users\aroun\AppData\Local\Packages\PythonSoftwareFoundation.Python.3.11_qbz5n2kfra8p0\LocalCache\local-packages\Python311\site-packages\catboost\core.py", line 2396, in _fit
    self._train(
  File "C:\Users\aroun\AppData\Local\Packages\PythonSoftwareFoundation.Python.3.11_qbz5n2kfra8p0\LocalCache\local-packages\Python311\site-packages\catboost\core.py", line 1776, in _train
    self._object._train(train_pool, test_pool, params, allow_clear_pool, init_model._object if init_model else None)
  File "_catboost.pyx", line 4833, in _catboost._CatBoost._train
  File "_catboost.pyx", line 4882, in _catboost._CatBoost._train
_catboost.CatBoostError: C:/Go_Agent/pipelines/BuildMaster/catboost.git/catboost/libs/train_lib/dir_helper.cpp:20: Can't create train working dir: catboost_info

  warnings.warn(some_fits_failed_message, FitFailedWarning)

2024-03-11 02:53:47,367:INFO:Calculating mean and std
2024-03-11 02:53:47,368:INFO:Creating metrics dataframe
2024-03-11 02:53:47,369:INFO:Uploading results into container
2024-03-11 02:53:47,370:INFO:Uploading model into container now
2024-03-11 02:53:47,370:INFO:_master_model_container: 18
2024-03-11 02:53:47,370:INFO:_display_container: 2
2024-03-11 02:53:47,370:INFO:<catboost.core.CatBoostRegressor object at 0x000001A1AE47AA10>
2024-03-11 02:53:47,370:INFO:create_model() successfully completed......................................
2024-03-11 02:53:47,469:INFO:SubProcess create_model() end ==================================
2024-03-11 02:53:47,469:INFO:Creating metrics dataframe
2024-03-11 02:53:47,478:INFO:Initializing Dummy Regressor
2024-03-11 02:53:47,478:INFO:Total runtime is 0.27120945453643797 minutes
2024-03-11 02:53:47,481:INFO:SubProcess create_model() called ==================================
2024-03-11 02:53:47,481:INFO:Initializing create_model()
2024-03-11 02:53:47,482:INFO:create_model(self=<pycaret.regression.oop.RegressionExperiment object at 0x000001A1A92E6190>, estimator=dummy, fold=KFold(n_splits=10, random_state=None, shuffle=False), round=4, cross_validation=True, predict=True, fit_kwargs={}, groups=None, refit=False, probability_threshold=None, experiment_custom_tags=None, verbose=False, system=False, add_to_model_list=True, metrics=None, display=<pycaret.internal.display.display.CommonDisplay object at 0x000001A1AE037410>, model_only=True, return_train_score=False, error_score=0.0, kwargs={})
2024-03-11 02:53:47,482:INFO:Checking exceptions
2024-03-11 02:53:47,482:INFO:Importing libraries
2024-03-11 02:53:47,482:INFO:Copying training dataset
2024-03-11 02:53:47,485:INFO:Defining folds
2024-03-11 02:53:47,485:INFO:Declaring metric variables
2024-03-11 02:53:47,488:INFO:Importing untrained model
2024-03-11 02:53:47,491:INFO:Dummy Regressor Imported successfully
2024-03-11 02:53:47,499:INFO:Starting cross validation
2024-03-11 02:53:47,500:INFO:Cross validating with KFold(n_splits=10, random_state=None, shuffle=False), n_jobs=-1
2024-03-11 02:53:47,601:INFO:Calculating mean and std
2024-03-11 02:53:47,601:INFO:Creating metrics dataframe
2024-03-11 02:53:47,603:INFO:Uploading results into container
2024-03-11 02:53:47,603:INFO:Uploading model into container now
2024-03-11 02:53:47,603:INFO:_master_model_container: 19
2024-03-11 02:53:47,604:INFO:_display_container: 2
2024-03-11 02:53:47,604:INFO:DummyRegressor()
2024-03-11 02:53:47,604:INFO:create_model() successfully completed......................................
2024-03-11 02:53:47,711:INFO:SubProcess create_model() end ==================================
2024-03-11 02:53:47,712:INFO:Creating metrics dataframe
2024-03-11 02:53:47,727:WARNING:C:\Users\aroun\AppData\Local\Packages\PythonSoftwareFoundation.Python.3.11_qbz5n2kfra8p0\LocalCache\local-packages\Python311\site-packages\pycaret\internal\pycaret_experiment\supervised_experiment.py:339: FutureWarning: Styler.applymap has been deprecated. Use Styler.map instead.
  .applymap(highlight_cols, subset=["TT (Sec)"])

2024-03-11 02:53:47,742:INFO:Initializing create_model()
2024-03-11 02:53:47,742:INFO:create_model(self=<pycaret.regression.oop.RegressionExperiment object at 0x000001A1A92E6190>, estimator=ElasticNet(random_state=123), fold=KFold(n_splits=10, random_state=None, shuffle=False), round=4, cross_validation=False, predict=False, fit_kwargs={}, groups=None, refit=True, probability_threshold=None, experiment_custom_tags=None, verbose=False, system=False, add_to_model_list=True, metrics=None, display=None, model_only=True, return_train_score=False, error_score=0.0, kwargs={})
2024-03-11 02:53:47,742:INFO:Checking exceptions
2024-03-11 02:53:47,743:INFO:Importing libraries
2024-03-11 02:53:47,743:INFO:Copying training dataset
2024-03-11 02:53:47,747:INFO:Defining folds
2024-03-11 02:53:47,747:INFO:Declaring metric variables
2024-03-11 02:53:47,747:INFO:Importing untrained model
2024-03-11 02:53:47,747:INFO:Declaring custom model
2024-03-11 02:53:47,747:INFO:Elastic Net Imported successfully
2024-03-11 02:53:47,748:INFO:Cross validation set to False
2024-03-11 02:53:47,748:INFO:Fitting Model
2024-03-11 02:53:47,767:INFO:ElasticNet(random_state=123)
2024-03-11 02:53:47,767:INFO:create_model() successfully completed......................................
2024-03-11 02:53:47,901:INFO:_master_model_container: 19
2024-03-11 02:53:47,901:INFO:_display_container: 2
2024-03-11 02:53:47,901:INFO:ElasticNet(random_state=123)
2024-03-11 02:53:47,902:INFO:compare_models() successfully completed......................................
2024-03-11 02:53:47,902:INFO:Initializing tune_model()
2024-03-11 02:53:47,903:INFO:tune_model(self=<pycaret.regression.oop.RegressionExperiment object at 0x000001A1A92E6190>, estimator=ElasticNet(random_state=123), fold=None, round=4, n_iter=10, custom_grid=None, optimize=R2, custom_scorer=None, search_library=scikit-learn, search_algorithm=None, early_stopping=False, early_stopping_max_iters=10, choose_better=True, fit_kwargs=None, groups=None, return_tuner=False, verbose=True, tuner_verbose=True, return_train_score=False, kwargs={})
2024-03-11 02:53:47,903:INFO:Checking exceptions
2024-03-11 02:53:47,923:INFO:Copying training dataset
2024-03-11 02:53:47,927:INFO:Checking base model
2024-03-11 02:53:47,927:INFO:Base model : Elastic Net
2024-03-11 02:53:47,931:INFO:Declaring metric variables
2024-03-11 02:53:47,936:INFO:Defining Hyperparameters
2024-03-11 02:53:48,056:INFO:Tuning with n_jobs=-1
2024-03-11 02:53:48,057:INFO:Initializing RandomizedSearchCV
2024-03-11 02:53:48,650:INFO:best_params: {'actual_estimator__l1_ratio': 0.45, 'actual_estimator__fit_intercept': False, 'actual_estimator__alpha': 3.91}
2024-03-11 02:53:48,651:INFO:Hyperparameter search completed
2024-03-11 02:53:48,651:INFO:SubProcess create_model() called ==================================
2024-03-11 02:53:48,651:INFO:Initializing create_model()
2024-03-11 02:53:48,651:INFO:create_model(self=<pycaret.regression.oop.RegressionExperiment object at 0x000001A1A92E6190>, estimator=ElasticNet(random_state=123), fold=KFold(n_splits=10, random_state=None, shuffle=False), round=4, cross_validation=True, predict=True, fit_kwargs={}, groups=None, refit=True, probability_threshold=None, experiment_custom_tags=None, verbose=True, system=False, add_to_model_list=True, metrics=None, display=<pycaret.internal.display.display.CommonDisplay object at 0x000001A1AD6CC950>, model_only=True, return_train_score=False, error_score=0.0, kwargs={'l1_ratio': 0.45, 'fit_intercept': False, 'alpha': 3.91})
2024-03-11 02:53:48,651:INFO:Checking exceptions
2024-03-11 02:53:48,651:INFO:Importing libraries
2024-03-11 02:53:48,651:INFO:Copying training dataset
2024-03-11 02:53:48,654:INFO:Defining folds
2024-03-11 02:53:48,654:INFO:Declaring metric variables
2024-03-11 02:53:48,656:INFO:Importing untrained model
2024-03-11 02:53:48,656:INFO:Declaring custom model
2024-03-11 02:53:48,658:INFO:Elastic Net Imported successfully
2024-03-11 02:53:48,662:INFO:Starting cross validation
2024-03-11 02:53:48,662:INFO:Cross validating with KFold(n_splits=10, random_state=None, shuffle=False), n_jobs=-1
2024-03-11 02:53:48,753:INFO:Calculating mean and std
2024-03-11 02:53:48,753:INFO:Creating metrics dataframe
2024-03-11 02:53:48,756:INFO:Finalizing model
2024-03-11 02:53:48,777:INFO:Uploading results into container
2024-03-11 02:53:48,778:INFO:Uploading model into container now
2024-03-11 02:53:48,778:INFO:_master_model_container: 20
2024-03-11 02:53:48,778:INFO:_display_container: 3
2024-03-11 02:53:48,779:INFO:ElasticNet(alpha=3.91, fit_intercept=False, l1_ratio=0.45, random_state=123)
2024-03-11 02:53:48,779:INFO:create_model() successfully completed......................................
2024-03-11 02:53:48,882:INFO:SubProcess create_model() end ==================================
2024-03-11 02:53:48,882:INFO:choose_better activated
2024-03-11 02:53:48,886:INFO:SubProcess create_model() called ==================================
2024-03-11 02:53:48,886:INFO:Initializing create_model()
2024-03-11 02:53:48,886:INFO:create_model(self=<pycaret.regression.oop.RegressionExperiment object at 0x000001A1A92E6190>, estimator=ElasticNet(random_state=123), fold=KFold(n_splits=10, random_state=None, shuffle=False), round=4, cross_validation=True, predict=True, fit_kwargs={}, groups=None, refit=True, probability_threshold=None, experiment_custom_tags=None, verbose=False, system=False, add_to_model_list=True, metrics=None, display=None, model_only=True, return_train_score=False, error_score=0.0, kwargs={})
2024-03-11 02:53:48,886:INFO:Checking exceptions
2024-03-11 02:53:48,888:INFO:Importing libraries
2024-03-11 02:53:48,888:INFO:Copying training dataset
2024-03-11 02:53:48,893:INFO:Defining folds
2024-03-11 02:53:48,893:INFO:Declaring metric variables
2024-03-11 02:53:48,893:INFO:Importing untrained model
2024-03-11 02:53:48,893:INFO:Declaring custom model
2024-03-11 02:53:48,893:INFO:Elastic Net Imported successfully
2024-03-11 02:53:48,894:INFO:Starting cross validation
2024-03-11 02:53:48,895:INFO:Cross validating with KFold(n_splits=10, random_state=None, shuffle=False), n_jobs=-1
2024-03-11 02:53:48,992:INFO:Calculating mean and std
2024-03-11 02:53:48,992:INFO:Creating metrics dataframe
2024-03-11 02:53:48,993:INFO:Finalizing model
2024-03-11 02:53:49,009:INFO:Uploading results into container
2024-03-11 02:53:49,009:INFO:Uploading model into container now
2024-03-11 02:53:49,009:INFO:_master_model_container: 21
2024-03-11 02:53:49,010:INFO:_display_container: 4
2024-03-11 02:53:49,010:INFO:ElasticNet(random_state=123)
2024-03-11 02:53:49,010:INFO:create_model() successfully completed......................................
2024-03-11 02:53:49,120:INFO:SubProcess create_model() end ==================================
2024-03-11 02:53:49,121:INFO:ElasticNet(random_state=123) result for R2 is 0.696
2024-03-11 02:53:49,121:INFO:ElasticNet(alpha=3.91, fit_intercept=False, l1_ratio=0.45, random_state=123) result for R2 is 0.7539
2024-03-11 02:53:49,121:INFO:ElasticNet(alpha=3.91, fit_intercept=False, l1_ratio=0.45, random_state=123) is best model
2024-03-11 02:53:49,123:INFO:choose_better completed
2024-03-11 02:53:49,132:INFO:_master_model_container: 21
2024-03-11 02:53:49,132:INFO:_display_container: 3
2024-03-11 02:53:49,133:INFO:ElasticNet(alpha=3.91, fit_intercept=False, l1_ratio=0.45, random_state=123)
2024-03-11 02:53:49,133:INFO:tune_model() successfully completed......................................
2024-03-11 02:53:49,252:INFO:Initializing ensemble_model()
2024-03-11 02:53:49,252:INFO:ensemble_model(self=<pycaret.regression.oop.RegressionExperiment object at 0x000001A1A92E6190>, estimator=ElasticNet(alpha=3.91, fit_intercept=False, l1_ratio=0.45, random_state=123), method=Bagging, fold=None, n_estimators=50, round=4, choose_better=False, optimize=R2, fit_kwargs=None, groups=None, probability_threshold=None, verbose=True, return_train_score=False)
2024-03-11 02:53:49,252:INFO:Checking exceptions
2024-03-11 02:53:49,266:INFO:Importing libraries
2024-03-11 02:53:49,267:INFO:Copying training dataset
2024-03-11 02:53:49,267:INFO:Checking base model
2024-03-11 02:53:49,267:INFO:Base model : Elastic Net
2024-03-11 02:53:49,283:INFO:Importing untrained ensembler
2024-03-11 02:53:49,283:INFO:Ensemble method set to Bagging
2024-03-11 02:53:49,283:INFO:SubProcess create_model() called ==================================
2024-03-11 02:53:49,286:INFO:Initializing create_model()
2024-03-11 02:53:49,286:INFO:create_model(self=<pycaret.regression.oop.RegressionExperiment object at 0x000001A1A92E6190>, estimator=BaggingRegressor(estimator=ElasticNet(alpha=3.91, fit_intercept=False,
                                      l1_ratio=0.45, random_state=123),
                 n_estimators=50, random_state=123), fold=KFold(n_splits=10, random_state=None, shuffle=False), round=4, cross_validation=True, predict=True, fit_kwargs={}, groups=None, refit=True, probability_threshold=None, experiment_custom_tags=None, verbose=True, system=False, add_to_model_list=True, metrics=None, display=<pycaret.internal.display.display.CommonDisplay object at 0x000001A1AB405B10>, model_only=True, return_train_score=False, error_score=0.0, kwargs={})
2024-03-11 02:53:49,286:INFO:Checking exceptions
2024-03-11 02:53:49,286:INFO:Importing libraries
2024-03-11 02:53:49,286:INFO:Copying training dataset
2024-03-11 02:53:49,295:INFO:Defining folds
2024-03-11 02:53:49,295:INFO:Declaring metric variables
2024-03-11 02:53:49,302:INFO:Importing untrained model
2024-03-11 02:53:49,303:INFO:Declaring custom model
2024-03-11 02:53:49,309:INFO:Elastic Net Imported successfully
2024-03-11 02:53:49,321:INFO:Starting cross validation
2024-03-11 02:53:49,322:INFO:Cross validating with KFold(n_splits=10, random_state=None, shuffle=False), n_jobs=-1
2024-03-11 02:53:49,610:INFO:Calculating mean and std
2024-03-11 02:53:49,610:INFO:Creating metrics dataframe
2024-03-11 02:53:49,613:INFO:Finalizing model
2024-03-11 02:53:49,751:INFO:Uploading results into container
2024-03-11 02:53:49,752:INFO:Uploading model into container now
2024-03-11 02:53:49,753:INFO:_master_model_container: 22
2024-03-11 02:53:49,753:INFO:_display_container: 4
2024-03-11 02:53:49,754:INFO:BaggingRegressor(estimator=ElasticNet(alpha=3.91, fit_intercept=False,
                                      l1_ratio=0.45, random_state=123),
                 n_estimators=50, random_state=123)
2024-03-11 02:53:49,754:INFO:create_model() successfully completed......................................
2024-03-11 02:53:49,867:INFO:SubProcess create_model() end ==================================
2024-03-11 02:53:49,879:INFO:_master_model_container: 22
2024-03-11 02:53:49,879:INFO:_display_container: 4
2024-03-11 02:53:49,880:INFO:BaggingRegressor(estimator=ElasticNet(alpha=3.91, fit_intercept=False,
                                      l1_ratio=0.45, random_state=123),
                 n_estimators=50, random_state=123)
2024-03-11 02:53:49,880:INFO:ensemble_model() successfully completed......................................
2024-03-11 02:55:38,326:INFO:Initializing create_model()
2024-03-11 02:55:38,326:INFO:create_model(self=<pycaret.regression.oop.RegressionExperiment object at 0x000001A1A92E6190>, estimator=en, fold=None, round=4, cross_validation=True, predict=True, fit_kwargs=None, groups=None, refit=True, probability_threshold=None, experiment_custom_tags=None, verbose=True, system=True, add_to_model_list=True, metrics=None, display=None, model_only=True, return_train_score=False, error_score=0.0, kwargs={})
2024-03-11 02:55:38,326:INFO:Checking exceptions
2024-03-11 02:55:38,342:INFO:Importing libraries
2024-03-11 02:55:38,343:INFO:Copying training dataset
2024-03-11 02:55:38,347:INFO:Defining folds
2024-03-11 02:55:38,347:INFO:Declaring metric variables
2024-03-11 02:55:38,349:INFO:Importing untrained model
2024-03-11 02:55:38,353:INFO:Elastic Net Imported successfully
2024-03-11 02:55:38,361:INFO:Starting cross validation
2024-03-11 02:55:38,362:INFO:Cross validating with KFold(n_splits=10, random_state=None, shuffle=False), n_jobs=-1
2024-03-11 02:55:38,475:INFO:Calculating mean and std
2024-03-11 02:55:38,475:INFO:Creating metrics dataframe
2024-03-11 02:55:38,478:INFO:Finalizing model
2024-03-11 02:55:38,498:INFO:Uploading results into container
2024-03-11 02:55:38,499:INFO:Uploading model into container now
2024-03-11 02:55:38,506:INFO:_master_model_container: 23
2024-03-11 02:55:38,506:INFO:_display_container: 5
2024-03-11 02:55:38,507:INFO:ElasticNet(random_state=123)
2024-03-11 02:55:38,507:INFO:create_model() successfully completed......................................
2024-03-11 02:55:38,616:INFO:Initializing save_model()
2024-03-11 02:55:38,616:INFO:save_model(model=ElasticNet(random_state=123), model_name=model_en_pipeline, prep_pipe_=Pipeline(memory=FastMemory(location=C:\Users\aroun\AppData\Local\Temp\joblib),
         steps=[('numerical_imputer',
                 TransformerWrapper(include=['Unnamed: 0', 'PM10', 'O3', 'CO',
                                             'NO2', 'SO2', 'WS', 'TEMP', 'RH',
                                             'WD'],
                                    transformer=SimpleImputer())),
                ('categorical_imputer',
                 TransformerWrapper(include=['DATETIMEDATA'],
                                    transformer=SimpleImputer(strategy='most_frequent'))),
                ('rest_encoding',
                 TransformerWrapper(include=['DATETIMEDATA'],
                                    transformer=TargetEncoder(cols=['DATETIMEDATA'],
                                                              handle_missing='return_nan'))),
                ('clean_column_names',
                 TransformerWrapper(transformer=CleanColumnNames()))]), verbose=True, use_case=MLUsecase.REGRESSION, kwargs={})
2024-03-11 02:55:38,616:INFO:Adding model into prep_pipe
2024-03-11 02:55:38,620:INFO:model_en_pipeline.pkl saved in current working directory
2024-03-11 02:55:38,624:INFO:Pipeline(memory=Memory(location=None),
         steps=[('numerical_imputer',
                 TransformerWrapper(include=['Unnamed: 0', 'PM10', 'O3', 'CO',
                                             'NO2', 'SO2', 'WS', 'TEMP', 'RH',
                                             'WD'],
                                    transformer=SimpleImputer())),
                ('categorical_imputer',
                 TransformerWrapper(include=['DATETIMEDATA'],
                                    transformer=SimpleImputer(strategy='most_frequent'))),
                ('rest_encoding',
                 TransformerWrapper(include=['DATETIMEDATA'],
                                    transformer=TargetEncoder(cols=['DATETIMEDATA'],
                                                              handle_missing='return_nan'))),
                ('clean_column_names',
                 TransformerWrapper(transformer=CleanColumnNames())),
                ('trained_model', ElasticNet(random_state=123))])
2024-03-11 02:55:38,624:INFO:save_model() successfully completed......................................
2024-03-11 02:55:38,725:INFO:Initializing load_model()
2024-03-11 02:55:38,725:INFO:load_model(model_name=model_en_pipeline, platform=None, authentication=None, verbose=True)
2024-03-11 02:55:38,738:INFO:Initializing predict_model()
2024-03-11 02:55:38,738:INFO:predict_model(self=<pycaret.regression.oop.RegressionExperiment object at 0x000001A1A92E6190>, estimator=ElasticNet(random_state=123), probability_threshold=None, encoded_labels=False, raw_score=False, round=4, verbose=True, ml_usecase=None, preprocess=True, encode_labels=<function _SupervisedExperiment.predict_model.<locals>.encode_labels at 0x000001A1AA442520>)
2024-03-11 02:55:38,738:INFO:Checking exceptions
2024-03-11 02:55:38,738:INFO:Preloading libraries
2024-03-11 02:55:38,834:WARNING:C:\Users\aroun\AppData\Local\Packages\PythonSoftwareFoundation.Python.3.11_qbz5n2kfra8p0\LocalCache\local-packages\Python311\site-packages\sklearn\metrics\_regression.py:483: FutureWarning: 'squared' is deprecated in version 1.4 and will be removed in 1.6. To calculate the root mean squared error, use the function'root_mean_squared_error'.
  warnings.warn(

